[prove-ix] building sp1-core-executor-runner-binary in /home/ubuntu/sp1-fork/sp1...
    Finished `release` profile [optimized] target(s) in 0.21s
[prove-ix] planted fork runner-binary at /tmp/sp1-native-runner-bin-53c95302665e261eea1888be3dad30f0d0c35a72ed6354cf7bd0a32cf2e1595d
[prove-ix] prover=cuda  ixe=/home/ubuntu/ix/mergesort.ixe
warning: sp1-host@0.1.0: rustc +succinct --version: "rustc 1.93.0-dev\n"
warning: sp1-host@0.1.0: sp1-guest built at 2026-06-05 20:50:28
    Finished `release` profile [optimized] target(s) in 0.24s
     Running `/home/ubuntu/ix/sp1/./scripts/cuda-runner.sh target/release/sp1-host --ixe /home/ubuntu/ix/mergesort.ixe`
[2m2026-06-05T20:52:05.985508Z[0m [32m INFO[0m initializing cuda prover
Running sp1-gpu-server 6.2.2 with device 0
[2m2026-06-05T20:52:08.676102Z[0m [33m WARN[0m [2msp1_gpu_server::server[0m[2m:[0m Failed to remove orphaned socket: No such file or directory (os error 2)
[2m2026-06-05T20:52:08.676175Z[0m [32m INFO[0m [2msp1_gpu_server::server[0m[2m:[0m Server listening @ /tmp/sp1-cuda-0.sock
[2m2026-06-05T20:52:08.743203Z[0m [32m INFO[0m [2msp1_gpu_server::server[0m[2m:[0m Connection accepted
[2m2026-06-05T20:52:16.279616Z[0m [32m INFO[0m [2msp1_gpu_server::server[0m[2m:[0m Running setup
[2m2026-06-05T20:52:16.520176Z[0m [32m INFO[0m starting proof generation [3mmode[0m[2m=[0mCompressed
[2m2026-06-05T20:52:16.528698Z[0m [32m INFO[0m [2msp1_gpu_server::server[0m[2m:[0m Proving with mode: Compressed
proof generated in 1325.61s
constants: 1454
prove throughput: 1.1consts/s
proof size: 1.3MB
proof verified in 0.037s
[2m2026-06-05T21:14:22.168607Z[0m [32m INFO[0m [2msp1_gpu_server::server[0m[2m:[0m Destroying key
	Command being timed: "./scripts/prove-ix.sh"
	User time (seconds): 3.70
	System time (seconds): 1.95
	Percent of CPU this job got: 0%
	Elapsed (wall clock) time (h:mm:ss or m:ss): 22:19.84
	Average shared text size (kbytes): 0
	Average unshared data size (kbytes): 0
	Average stack size (kbytes): 0
	Average total size (kbytes): 0
	Maximum resident set size (kbytes): 231120
	Average resident set size (kbytes): 0
	Major (requiring I/O) page faults: 0
	Minor (reclaiming a frame) page faults: 127475
	Voluntary context switches: 7228
	Involuntary context switches: 573
	Swaps: 0
	File system inputs: 5408
	File system outputs: 5712
	Socket messages sent: 0
	Socket messages received: 0
	Signals delivered: 0
	Page size (bytes): 4096
	Exit status: 0
