[prove-ix] building sp1-core-executor-runner-binary in /home/ubuntu/sp1-fork/sp1...
    Finished `release` profile [optimized] target(s) in 2.71s
[prove-ix] planted fork runner-binary at /tmp/sp1-native-runner-bin-53c95302665e261eea1888be3dad30f0d0c35a72ed6354cf7bd0a32cf2e1595d
[prove-ix] prover=cuda  ixe=/home/ubuntu/ix/nataddcomm.ixe
   Compiling ixon v0.1.0 (/home/ubuntu/ix/crates/ixon)
   Compiling sp1-prover-types v6.2.2 (https://github.com/argumentcomputer/sp1?branch=blake3-precompile#ab7cda20)
   Compiling sp1-host v0.1.0 (/home/ubuntu/ix/sp1/host)
   Compiling ix-kernel v0.1.0 (/home/ubuntu/ix/crates/kernel)
   Compiling sp1-prover v6.2.2 (https://github.com/argumentcomputer/sp1?branch=blake3-precompile#ab7cda20)
   Compiling sp1-cuda v6.2.2 (https://github.com/argumentcomputer/sp1?branch=blake3-precompile#ab7cda20)
   Compiling sp1-sdk v6.2.2 (https://github.com/argumentcomputer/sp1?branch=blake3-precompile#ab7cda20)
warning: sp1-host@0.1.0: rustc +succinct --version: "rustc 1.93.0-dev\n"
warning: sp1-host@0.1.0: sp1-guest built at 2026-06-05 20:50:28
    Finished `release` profile [optimized] target(s) in 1m 07s
     Running `/home/ubuntu/ix/sp1/./scripts/cuda-runner.sh target/release/sp1-host --ixe /home/ubuntu/ix/nataddcomm.ixe`
[2m2026-06-05T20:51:08.246398Z[0m [32m INFO[0m initializing cuda prover
Running sp1-gpu-server 6.2.2 with device 0
[2m2026-06-05T20:51:11.033018Z[0m [33m WARN[0m [2msp1_gpu_server::server[0m[2m:[0m Failed to remove orphaned socket: No such file or directory (os error 2)
[2m2026-06-05T20:51:11.033066Z[0m [32m INFO[0m [2msp1_gpu_server::server[0m[2m:[0m Server listening @ /tmp/sp1-cuda-0.sock
[2m2026-06-05T20:51:11.039934Z[0m [32m INFO[0m [2msp1_gpu_server::server[0m[2m:[0m Connection accepted
[2m2026-06-05T20:51:18.543955Z[0m [32m INFO[0m [2msp1_gpu_server::server[0m[2m:[0m Running setup
[2m2026-06-05T20:51:18.768114Z[0m [32m INFO[0m starting proof generation [3mmode[0m[2m=[0mCompressed
[2m2026-06-05T20:51:18.768525Z[0m [32m INFO[0m [2msp1_gpu_server::server[0m[2m:[0m Proving with mode: Compressed
proof generated in 13.45s
constants: 42
prove throughput: 3.1consts/s
proof size: 1.3MB
proof verified in 0.038s
[2m2026-06-05T20:51:32.252251Z[0m [32m INFO[0m [2msp1_gpu_server::server[0m[2m:[0m Destroying key
	Command being timed: "./scripts/prove-ix.sh"
	User time (seconds): 517.33
	System time (seconds): 13.64
	Percent of CPU this job got: 542%
	Elapsed (wall clock) time (h:mm:ss or m:ss): 1:37.91
	Average shared text size (kbytes): 0
	Average unshared data size (kbytes): 0
	Average stack size (kbytes): 0
	Average total size (kbytes): 0
	Maximum resident set size (kbytes): 3098140
	Average resident set size (kbytes): 0
	Major (requiring I/O) page faults: 9603
	Minor (reclaiming a frame) page faults: 5109276
	Voluntary context switches: 69222
	Involuntary context switches: 1526
	Swaps: 0
	File system inputs: 2353704
	File system outputs: 919864
	Socket messages sent: 0
	Socket messages received: 0
	Signals delivered: 0
	Page size (bytes): 4096
	Exit status: 0
